1601700757.286010 client started (39258): version 3.1b, socket /tmp//tmux-501/default, protocol 8
1601700757.286109 on Darwin 19.6.0 Darwin Kernel Version 19.6.0: Thu Jun 18 20:49:00 PDT 2020; root:xnu-6153.141.1~1/RELEASE_X86_64; libevent 2.1.12-stable (select)
1601700757.286196 socket is /tmp//tmux-501/default
1601700757.286234 trying connect
1601700757.286410 add peer 0x7fc525631000: 6 (0x0)
1601700757.288651 sending message 100 to peer 0x7fc525631000 (4 bytes)
1601700757.288699 sending message 101 to peer 0x7fc525631000 (15 bytes)
1601700757.288717 sending message 102 to peer 0x7fc525631000 (13 bytes)
1601700757.288732 sending message 108 to peer 0x7fc525631000 (34 bytes)
1601700757.288768 sending message 104 to peer 0x7fc525631000 (0 bytes)
1601700757.288784 sending message 107 to peer 0x7fc525631000 (4 bytes)
1601700757.288797 sending message 105 to peer 0x7fc525631000 (82 bytes)
1601700757.288811 sending message 105 to peer 0x7fc525631000 (20 bytes)
1601700757.288825 sending message 105 to peer 0x7fc525631000 (19 bytes)
1601700757.288839 sending message 105 to peer 0x7fc525631000 (593 bytes)
1601700757.288852 sending message 105 to peer 0x7fc525631000 (21 bytes)
1601700757.288866 sending message 105 to peer 0x7fc525631000 (19 bytes)
1601700757.288879 sending message 105 to peer 0x7fc525631000 (17 bytes)
1601700757.288893 sending message 105 to peer 0x7fc525631000 (41 bytes)
1601700757.288906 sending message 105 to peer 0x7fc525631000 (389 bytes)
1601700757.288926 sending message 105 to peer 0x7fc525631000 (10 bytes)
1601700757.288940 sending message 105 to peer 0x7fc525631000 (17 bytes)
1601700757.288953 sending message 105 to peer 0x7fc525631000 (38 bytes)
1601700757.288967 sending message 105 to peer 0x7fc525631000 (25 bytes)
1601700757.288980 sending message 105 to peer 0x7fc525631000 (8 bytes)
1601700757.288993 sending message 105 to peer 0x7fc525631000 (66 bytes)
1601700757.289007 sending message 105 to peer 0x7fc525631000 (20 bytes)
1601700757.289020 sending message 105 to peer 0x7fc525631000 (57 bytes)
1601700757.289034 sending message 105 to peer 0x7fc525631000 (35 bytes)
1601700757.289057 sending message 105 to peer 0x7fc525631000 (13 bytes)
1601700757.289068 sending message 105 to peer 0x7fc525631000 (56 bytes)
1601700757.289079 sending message 105 to peer 0x7fc525631000 (14 bytes)
1601700757.289090 sending message 105 to peer 0x7fc525631000 (30 bytes)
1601700757.289101 sending message 105 to peer 0x7fc525631000 (14 bytes)
1601700757.289111 sending message 105 to peer 0x7fc525631000 (19 bytes)
1601700757.289123 sending message 105 to peer 0x7fc525631000 (35 bytes)
1601700757.289133 sending message 105 to peer 0x7fc525631000 (43 bytes)
1601700757.289144 sending message 105 to peer 0x7fc525631000 (48 bytes)
1601700757.289155 sending message 105 to peer 0x7fc525631000 (46 bytes)
1601700757.289166 sending message 105 to peer 0x7fc525631000 (32 bytes)
1601700757.289177 sending message 105 to peer 0x7fc525631000 (49 bytes)
1601700757.289188 sending message 105 to peer 0x7fc525631000 (21 bytes)
1601700757.289199 sending message 105 to peer 0x7fc525631000 (39 bytes)
1601700757.289210 sending message 105 to peer 0x7fc525631000 (41 bytes)
1601700757.289221 sending message 105 to peer 0x7fc525631000 (21 bytes)
1601700757.289231 sending message 105 to peer 0x7fc525631000 (58 bytes)
1601700757.289242 sending message 105 to peer 0x7fc525631000 (25 bytes)
1601700757.289253 sending message 105 to peer 0x7fc525631000 (38 bytes)
1601700757.289264 sending message 105 to peer 0x7fc525631000 (35 bytes)
1601700757.289275 sending message 105 to peer 0x7fc525631000 (42 bytes)
1601700757.289286 sending message 105 to peer 0x7fc525631000 (21 bytes)
1601700757.289297 sending message 105 to peer 0x7fc525631000 (38 bytes)
1601700757.289311 sending message 105 to peer 0x7fc525631000 (17 bytes)
1601700757.289322 sending message 105 to peer 0x7fc525631000 (22 bytes)
1601700757.289333 sending message 106 to peer 0x7fc525631000 (0 bytes)
1601700757.289347 sending message 200 to peer 0x7fc525631000 (4 bytes)
1601700757.289358 client loop enter
1601700757.289762 peer 0x7fc525631000 message 303
1601700757.289782 open write file 2 -
1601700757.289821 sending message 305 to peer 0x7fc525631000 (8 bytes)
1601700757.289947 peer 0x7fc525631000 message 304
1601700757.289961 write 58 to file 2
1601700757.289977 peer 0x7fc525631000 message 203
1601700757.289986 file 2 58 bytes left
1601700757.290030 client loop exit
